2020-03-07 12:034:46.978 [main] DEBUG com.yyc.o2o.dao.ShopDao.queryShopList-==>  Preparing: SELECT s.shop_id, s.shop_name, s.shop_desc, s.shop_addr, s.phone, s.shop_img, s.priority, s.create_time, s.last_edit_time, s.enable_status, s.advice, a.area_id, a.area_name, sc.shop_category_id, sc.shop_category_name FROM tb_shop s, tb_area a, tb_shop_category sc WHERE s.shop_category_id = ? AND s.area_id=a.area_id AND s.shop_category_id=sc.shop_category_id ORDER BY s.priority DESC LIMIT ?,?; 
2020-03-07 12:034:47.030 [main] DEBUG com.yyc.o2o.dao.ShopDao.queryShopList-==> Parameters: 2(Long), 3(Integer), 3(Integer)
2020-03-07 12:034:47.113 [main] DEBUG com.yyc.o2o.dao.ShopDao.queryShopList-<==      Total: 0
2020-03-07 12:037:49.037 [main] DEBUG com.yyc.o2o.dao.ShopDao.queryShopList-==>  Preparing: SELECT s.shop_id, s.shop_name, s.shop_desc, s.shop_addr, s.phone, s.shop_img, s.priority, s.create_time, s.last_edit_time, s.enable_status, s.advice, a.area_id, a.area_name, sc.shop_category_id, sc.shop_category_name FROM tb_shop s, tb_area a, tb_shop_category sc WHERE s.shop_category_id = ? AND s.area_id=a.area_id AND s.shop_category_id=sc.shop_category_id ORDER BY s.priority DESC LIMIT ?,?; 
2020-03-07 12:037:49.059 [main] DEBUG com.yyc.o2o.dao.ShopDao.queryShopList-==> Parameters: 2(Long), 3(Integer), 3(Integer)
2020-03-07 12:037:49.119 [main] DEBUG com.yyc.o2o.dao.ShopDao.queryShopList-<==      Total: 0
2020-03-07 12:042:37.868 [main] DEBUG com.yyc.o2o.dao.ShopDao.queryShopList-==>  Preparing: SELECT s.shop_id, s.shop_name, s.shop_desc, s.shop_addr, s.phone, s.shop_img, s.priority, s.create_time, s.last_edit_time, s.enable_status, s.advice, a.area_id, a.area_name, sc.shop_category_id, sc.shop_category_name FROM tb_shop s, tb_area a, tb_shop_category sc WHERE s.shop_category_id = ? AND s.area_id=a.area_id AND s.shop_category_id = sc.shop_category_id ORDER BY s.priority DESC LIMIT ?,?; 
2020-03-07 12:042:37.891 [main] DEBUG com.yyc.o2o.dao.ShopDao.queryShopList-==> Parameters: 2(Long), 3(Integer), 3(Integer)
2020-03-07 12:042:37.950 [main] DEBUG com.yyc.o2o.dao.ShopDao.queryShopList-<==      Total: 0
2020-03-07 12:048:25.836 [main] DEBUG com.yyc.o2o.dao.ShopDao.queryShopList-==>  Preparing: SELECT s.shop_id, s.shop_name, s.shop_desc, s.shop_addr, s.phone, s.shop_img, s.priority, s.create_time, s.last_edit_time, s.enable_status, s.advice, a.area_id, a.area_name, sc.shop_category_id, sc.shop_category_name FROM tb_shop s, tb_area a, tb_shop_category sc WHERE s.shop_category_id = ? AND s.area_id=a.area_id AND s.shop_category_id = sc.shop_category_id ORDER BY s.priority DESC LIMIT ?,?; 
2020-03-07 12:048:25.857 [main] DEBUG com.yyc.o2o.dao.ShopDao.queryShopList-==> Parameters: 2(Long), 3(Integer), 3(Integer)
2020-03-07 12:048:25.916 [main] DEBUG com.yyc.o2o.dao.ShopDao.queryShopList-<==      Total: 0
2020-03-07 12:049:01.524 [main] DEBUG com.yyc.o2o.dao.ShopDao.queryShopList-==>  Preparing: SELECT s.shop_id, s.shop_name, s.shop_desc, s.shop_addr, s.phone, s.shop_img, s.priority, s.create_time, s.last_edit_time, s.enable_status, s.advice, a.area_id, a.area_name, sc.shop_category_id, sc.shop_category_name FROM tb_shop s, tb_area a, tb_shop_category sc WHERE s.shop_category_id = ? AND s.area_id=a.area_id AND s.shop_category_id = sc.shop_category_id ORDER BY s.priority DESC LIMIT ?,?; 
2020-03-07 12:049:01.559 [main] DEBUG com.yyc.o2o.dao.ShopDao.queryShopList-==> Parameters: 2(Long), 3(Integer), 3(Integer)
2020-03-07 12:049:01.637 [main] DEBUG com.yyc.o2o.dao.ShopDao.queryShopList-<==      Total: 0
2020-03-07 12:050:22.798 [main] DEBUG com.yyc.o2o.dao.ShopDao.queryShopList-==>  Preparing: SELECT s.shop_id, s.shop_name, s.shop_desc, s.shop_addr, s.phone, s.shop_img, s.priority, s.create_time, s.last_edit_time, s.enable_status, s.advice, a.area_id, a.area_name, sc.shop_category_id, sc.shop_category_name FROM tb_shop s, tb_area a, tb_shop_category sc WHERE s.shop_category_id in (select shop_category_id from tb_shop_category WHERE parent_id = ?) AND s.area_id=a.area_id AND s.shop_category_id = sc.shop_category_id ORDER BY s.priority DESC LIMIT ?,?; 
2020-03-07 12:050:22.816 [main] DEBUG com.yyc.o2o.dao.ShopDao.queryShopList-==> Parameters: 2(Long), 3(Integer), 3(Integer)
2020-03-07 12:050:22.873 [main] DEBUG com.yyc.o2o.dao.ShopDao.queryShopList-<==      Total: 0
2020-03-07 12:050:55.679 [main] DEBUG com.yyc.o2o.dao.ShopDao.queryShopList-==>  Preparing: SELECT s.shop_id, s.shop_name, s.shop_desc, s.shop_addr, s.phone, s.shop_img, s.priority, s.create_time, s.last_edit_time, s.enable_status, s.advice, a.area_id, a.area_name, sc.shop_category_id, sc.shop_category_name FROM tb_shop s, tb_area a, tb_shop_category sc WHERE s.shop_category_id in (select shop_category_id from tb_shop_category WHERE parent_id = ?) AND s.area_id=a.area_id AND s.shop_category_id = sc.shop_category_id ORDER BY s.priority DESC LIMIT ?,?; 
2020-03-07 12:050:55.697 [main] DEBUG com.yyc.o2o.dao.ShopDao.queryShopList-==> Parameters: 2(Long), 3(Integer), 3(Integer)
2020-03-07 12:050:55.757 [main] DEBUG com.yyc.o2o.dao.ShopDao.queryShopList-<==      Total: 0
2020-03-07 13:003:01.180 [main] DEBUG com.yyc.o2o.dao.ShopDao.queryShopList-==>  Preparing: SELECT s.shop_id, s.shop_name, s.shop_desc, s.shop_addr, s.phone, s.shop_img, s.priority, s.create_time, s.last_edit_time, s.enable_status, s.advice, a.area_id, a.area_name, sc.shop_category_id, sc.shop_category_name FROM tb_shop s, tb_area a, tb_shop_category sc WHERE s.shop_category_id in (select shop_category_id from tb_shop_category WHERE parent_id = ?) AND s.area_id=a.area_id AND s.shop_category_id = sc.shop_category_id ORDER BY s.priority DESC LIMIT ?,?; 
2020-03-07 13:003:01.198 [main] DEBUG com.yyc.o2o.dao.ShopDao.queryShopList-==> Parameters: 2(Long), 0(Integer), 3(Integer)
2020-03-07 13:003:01.268 [main] DEBUG com.yyc.o2o.dao.ShopDao.queryShopList-<==      Total: 1
2020-03-07 13:003:14.797 [main] DEBUG com.yyc.o2o.dao.ShopDao.queryShopList-==>  Preparing: SELECT s.shop_id, s.shop_name, s.shop_desc, s.shop_addr, s.phone, s.shop_img, s.priority, s.create_time, s.last_edit_time, s.enable_status, s.advice, a.area_id, a.area_name, sc.shop_category_id, sc.shop_category_name FROM tb_shop s, tb_area a, tb_shop_category sc WHERE s.shop_category_id in (select shop_category_id from tb_shop_category WHERE parent_id = ?) AND s.area_id=a.area_id AND s.shop_category_id = sc.shop_category_id ORDER BY s.priority DESC LIMIT ?,?; 
2020-03-07 13:003:14.818 [main] DEBUG com.yyc.o2o.dao.ShopDao.queryShopList-==> Parameters: 1(Long), 0(Integer), 3(Integer)
2020-03-07 13:003:14.880 [main] DEBUG com.yyc.o2o.dao.ShopDao.queryShopList-<==      Total: 1
2020-03-07 13:012:03.952 [main] DEBUG com.yyc.o2o.dao.AreaDao.queryArea-==>  Preparing: SELECT area_id, area_name, area_desc, priority, create_time, last_edit_time FROM tb_area ORDER BY priority DESC 
2020-03-07 13:012:03.973 [main] DEBUG com.yyc.o2o.dao.AreaDao.queryArea-==> Parameters: 
2020-03-07 13:012:04.053 [main] DEBUG com.yyc.o2o.dao.AreaDao.queryArea-<==      Total: 4
2020-03-07 13:012:21.717 [main] DEBUG com.yyc.o2o.dao.AreaDao.queryArea-==>  Preparing: SELECT area_id, area_name, area_desc, priority, create_time, last_edit_time FROM tb_area ORDER BY priority DESC 
2020-03-07 13:012:21.734 [main] DEBUG com.yyc.o2o.dao.AreaDao.queryArea-==> Parameters: 
2020-03-07 13:012:21.806 [main] DEBUG com.yyc.o2o.dao.AreaDao.queryArea-<==      Total: 4
2020-03-07 13:014:29.504 [main] DEBUG com.yyc.o2o.dao.AreaDao.queryArea-==>  Preparing: SELECT area_id, area_name, area_desc, priority, create_time, last_edit_time FROM tb_area ORDER BY priority DESC 
2020-03-07 13:014:29.522 [main] DEBUG com.yyc.o2o.dao.AreaDao.queryArea-==> Parameters: 
2020-03-07 13:014:29.596 [main] DEBUG com.yyc.o2o.dao.AreaDao.queryArea-<==      Total: 4
